The system is: Windows - 10.0.22000 - AMD64
Compiling the CXX compiler identification source file "CMakeCXXCompilerId.cpp" succeeded.
Compiler: C:/Program Files/Microsoft Visual Studio/2022/Community/VC/Tools/MSVC/14.30.30705/bin/Hostx64/x64/cl.exe 
Build flags: 
Id flags:  

The output was:
0
Compilateur d'optimisation Microsoft (R) C/C++ version 19.30.30706 pour x64
Copyright (C) Microsoft Corporation. Tous droits réservés.

CMakeCXXCompilerId.cpp
Microsoft (R) Incremental Linker Version 14.30.30706.0
Copyright (C) Microsoft Corporation.  All rights reserved.

/out:CMakeCXXCompilerId.exe 
CMakeCXXCompilerId.obj 


Compilation of the CXX compiler identification source "CMakeCXXCompilerId.cpp" produced "CMakeCXXCompilerId.exe"

Compilation of the CXX compiler identification source "CMakeCXXCompilerId.cpp" produced "CMakeCXXCompilerId.obj"

The CXX compiler identification is MSVC, found in "C:/Users/silia/Documents/projet_tsi/out/build/x64-Debug/CMakeFiles/3.21.21080301-MSVC_2/CompilerIdCXX/CMakeCXXCompilerId.exe"

Detecting CXX compiler ABI info compiled with the following output:
Change Dir: C:/Users/silia/Documents/projet_tsi/out/build/x64-Debug/CMakeFiles/CMakeTmp

Run Build Command(s):C:/Program Files/Microsoft Visual Studio/2022/Community/Common7/IDE/CommonExtensions/Microsoft/CMake/Ninja/ninja.exe cmTC_64538 && [1/2] Building CXX object CMakeFiles\cmTC_64538.dir\CMakeCXXCompilerABI.cpp.obj
[2/2] Linking CXX executable cmTC_64538.exe



Compiling the C compiler identification source file "CMakeCCompilerId.c" succeeded.
Compiler: C:/Program Files/Microsoft Visual Studio/2022/Community/VC/Tools/MSVC/14.30.30705/bin/Hostx64/x64/cl.exe 
Build flags: 
Id flags:  

The output was:
0
Compilateur d'optimisation Microsoft (R) C/C++ version 19.30.30706 pour x64
Copyright (C) Microsoft Corporation. Tous droits réservés.

CMakeCCompilerId.c
Microsoft (R) Incremental Linker Version 14.30.30706.0
Copyright (C) Microsoft Corporation.  All rights reserved.

/out:CMakeCCompilerId.exe 
CMakeCCompilerId.obj 


Compilation of the C compiler identification source "CMakeCCompilerId.c" produced "CMakeCCompilerId.exe"

Compilation of the C compiler identification source "CMakeCCompilerId.c" produced "CMakeCCompilerId.obj"

The C compiler identification is MSVC, found in "C:/Users/silia/Documents/projet_tsi/out/build/x64-Debug/CMakeFiles/3.21.21080301-MSVC_2/CompilerIdC/CMakeCCompilerId.exe"

Detecting C compiler ABI info compiled with the following output:
Change Dir: C:/Users/silia/Documents/projet_tsi/out/build/x64-Debug/CMakeFiles/CMakeTmp

Run Build Command(s):C:/Program Files/Microsoft Visual Studio/2022/Community/Common7/IDE/CommonExtensions/Microsoft/CMake/Ninja/ninja.exe cmTC_41c3c && [1/2] Building C object CMakeFiles\cmTC_41c3c.dir\CMakeCCompilerABI.c.obj
[2/2] Linking C executable cmTC_41c3c.exe



Determining if files sys/types.h exist passed with the following output:
Change Dir: C:/Users/silia/Documents/projet_tsi/out/build/x64-Debug/CMakeFiles/CMakeTmp

Run Build Command(s):C:/Program Files/Microsoft Visual Studio/2022/Community/Common7/IDE/CommonExtensions/Microsoft/CMake/Ninja/ninja.exe cmTC_1ea0c && [1/2] Building C object CMakeFiles\cmTC_1ea0c.dir\HAVE_SYS_TYPES_H.c.obj
[2/2] Linking C executable cmTC_1ea0c.exe



Determining if files stdbool.h exist passed with the following output:
Change Dir: C:/Users/silia/Documents/projet_tsi/out/build/x64-Debug/CMakeFiles/CMakeTmp

Run Build Command(s):C:/Program Files/Microsoft Visual Studio/2022/Community/Common7/IDE/CommonExtensions/Microsoft/CMake/Ninja/ninja.exe cmTC_9aaac && [1/2] Building C object CMakeFiles\cmTC_9aaac.dir\HAVE_STDBOOL_H.c.obj
[2/2] Linking C executable cmTC_9aaac.exe



Determining if files fcntl.h exist passed with the following output:
Change Dir: C:/Users/silia/Documents/projet_tsi/out/build/x64-Debug/CMakeFiles/CMakeTmp

Run Build Command(s):C:/Program Files/Microsoft Visual Studio/2022/Community/Common7/IDE/CommonExtensions/Microsoft/CMake/Ninja/ninja.exe cmTC_042b5 && [1/2] Building C object CMakeFiles\cmTC_042b5.dir\HAVE_FCNTL_H.c.obj
[2/2] Linking C executable cmTC_042b5.exe



Determining if files stdint.h exist passed with the following output:
Change Dir: C:/Users/silia/Documents/projet_tsi/out/build/x64-Debug/CMakeFiles/CMakeTmp

Run Build Command(s):C:/Program Files/Microsoft Visual Studio/2022/Community/Common7/IDE/CommonExtensions/Microsoft/CMake/Ninja/ninja.exe cmTC_071f5 && [1/2] Building C object CMakeFiles\cmTC_071f5.dir\HAVE_STDINT_H.c.obj
[2/2] Linking C executable cmTC_071f5.exe



Determining if files inttypes.h exist passed with the following output:
Change Dir: C:/Users/silia/Documents/projet_tsi/out/build/x64-Debug/CMakeFiles/CMakeTmp

Run Build Command(s):C:/Program Files/Microsoft Visual Studio/2022/Community/Common7/IDE/CommonExtensions/Microsoft/CMake/Ninja/ninja.exe cmTC_089e1 && [1/2] Building C object CMakeFiles\cmTC_089e1.dir\HAVE_INTTYPES_H.c.obj
[2/2] Linking C executable cmTC_089e1.exe



